#
# There is insufficient memory for the Java Runtime Environment to continue.
# Native memory allocation (malloc) failed to allocate 32744 bytes for ChunkPool::allocate
# Possible reasons:
#   The system is out of physical RAM or swap space
#   The process is running with CompressedOops enabled, and the Java Heap may be blocking the growth of the native heap
# Possible solutions:
#   Reduce memory load on the system
#   Increase physical memory or swap space
#   Check if swap backing store is full
#   Decrease Java heap size (-Xmx/-Xms)
#   Decrease number of Java threads
#   Decrease Java thread stack sizes (-Xss)
#   Set larger code cache with -XX:ReservedCodeCacheSize=
#   JVM is running with Unscaled Compressed Oops mode in which the Java heap is
#     placed in the first 4GB address space. The Java Heap base address is the
#     maximum limit for the native heap growth. Please use -XX:HeapBaseMinAddress
#     to set the Java Heap base and to place the Java Heap above 4GB virtual address.
# This output file may be truncated or incomplete.
#
#  Out of Memory Error (arena.cpp:78), pid=29316, tid=23992
#
# JRE version: OpenJDK Runtime Environment JBR-17.0.3+7-469.32-jcef (17.0.3+7) (build 17.0.3+7-b469.32)
# Java VM: OpenJDK 64-Bit Server VM JBR-17.0.3+7-469.32-jcef (17.0.3+7-b469.32, mixed mode, tiered, compressed oops, compressed class ptrs, g1 gc, windows-amd64)
# No core dump will be written. Minidumps are not enabled by default on client versions of Windows
#

---------------  S U M M A R Y ------------

Command Line: -Djava.rmi.server.hostname=127.0.0.1 -Duser.timezone=UTC -Xmx1024m -Xms128m -XX:+IgnoreUnrecognizedVMOptions --add-opens=jdk.unsupported/sun.misc=ALL-UNNAMED --add-opens=java.base/java.nio=ALL-UNNAMED -Dfile.encoding=UTF-8 com.intellij.database.remote.RemoteJdbcServer org.sqlite.JDBC

Host: Intel(R) Core(TM) i7-1065G7 CPU @ 1.30GHz, 8 cores, 15G,  Windows 11 , 64 bit Build 22621 (10.0.22621.3672)
Time: Fri Jul 26 01:12:23 2024 W. Central Africa Standard Time elapsed time: 1450.955294 seconds (0d 0h 24m 10s)

---------------  T H R E A D  ---------------

Current thread (0x0000025f61419860):  JavaThread "C2 CompilerThread0" daemon [_thread_in_native, id=23992, stack(0x000000ac4d200000,0x000000ac4d300000)]


Current CompileTask:
C2:1450956 2174       4       java.io.ObjectOutputStream$BlockDataOutputStream::drain (45 bytes)

Stack: [0x000000ac4d200000,0x000000ac4d300000]
Native frames: (J=compiled Java code, j=interpreted, Vv=VM code, C=native code)
V  [jvm.dll+0x681f8a]
V  [jvm.dll+0x83e374]
V  [jvm.dll+0x83fb1e]
V  [jvm.dll+0x840183]
V  [jvm.dll+0x2492a5]
V  [jvm.dll+0xabf7c]
V  [jvm.dll+0xac32c]
V  [jvm.dll+0x65daf8]
V  [jvm.dll+0x65da14]
V  [jvm.dll+0x696d45]
V  [jvm.dll+0x69a155]
V  [jvm.dll+0x69234b]
V  [jvm.dll+0x691987]
V  [jvm.dll+0x68f882]
V  [jvm.dll+0x1a7b4c]
V  [jvm.dll+0x1a8716]
V  [jvm.dll+0x2af764]
V  [jvm.dll+0x69a34b]
V  [jvm.dll+0x69234b]
V  [jvm.dll+0x691987]
V  [jvm.dll+0x68f882]
V  [jvm.dll+0x1a7b4c]
V  [jvm.dll+0x1a8716]
V  [jvm.dll+0x2af764]
V  [jvm.dll+0x69a34b]
V  [jvm.dll+0x69234b]
V  [jvm.dll+0x691987]
V  [jvm.dll+0x68f882]
V  [jvm.dll+0x1a7b4c]
V  [jvm.dll+0x2af764]
V  [jvm.dll+0x69a34b]
V  [jvm.dll+0x69234b]
V  [jvm.dll+0x691987]
V  [jvm.dll+0x68f882]
V  [jvm.dll+0x1a7b4c]
V  [jvm.dll+0x1a8716]
V  [jvm.dll+0x2af764]
V  [jvm.dll+0x69a34b]
V  [jvm.dll+0x69234b]
V  [jvm.dll+0x691987]
V  [jvm.dll+0x68f882]
V  [jvm.dll+0x1a7b4c]
V  [jvm.dll+0x1a8716]
V  [jvm.dll+0x2af764]
V  [jvm.dll+0x69a34b]
V  [jvm.dll+0x69234b]
V  [jvm.dll+0x691987]
V  [jvm.dll+0x68f882]
V  [jvm.dll+0x1a7b4c]
V  [jvm.dll+0x1a8716]
V  [jvm.dll+0x2af764]
V  [jvm.dll+0x69a34b]
V  [jvm.dll+0x69234b]
V  [jvm.dll+0x691987]
V  [jvm.dll+0x68f882]
V  [jvm.dll+0x1a7b4c]
V  [jvm.dll+0x1a8716]
V  [jvm.dll+0x1a8716]
V  [jvm.dll+0x2af764]
V  [jvm.dll+0x69a34b]
V  [jvm.dll+0x69234b]
V  [jvm.dll+0x691987]
V  [jvm.dll+0x68f882]
V  [jvm.dll+0x1a7b4c]
V  [jvm.dll+0x1a8716]
V  [jvm.dll+0x1a8716]
V  [jvm.dll+0x2af764]
V  [jvm.dll+0x69a34b]
V  [jvm.dll+0x69234b]
V  [jvm.dll+0x691987]
V  [jvm.dll+0x68f882]
V  [jvm.dll+0x1a7b4c]
V  [jvm.dll+0x1a8716]
V  [jvm.dll+0x2af764]
V  [jvm.dll+0x69a34b]
V  [jvm.dll+0x69234b]
V  [jvm.dll+0x691987]
V  [jvm.dll+0x68f882]
V  [jvm.dll+0x1a7b4c]
V  [jvm.dll+0x1a8716]
V  [jvm.dll+0x1a8716]
V  [jvm.dll+0x2af764]
V  [jvm.dll+0x69a34b]
V  [jvm.dll+0x69234b]
V  [jvm.dll+0x691987]
V  [jvm.dll+0x68f882]
V  [jvm.dll+0x1a7b4c]
V  [jvm.dll+0x21a938]
V  [jvm.dll+0x1a49dd]
V  [jvm.dll+0x22a7e8]
V  [jvm.dll+0x228891]
V  [jvm.dll+0x7f3d6c]
V  [jvm.dll+0x7ee2ea]
V  [jvm.dll+0x680dc5]
C  [ucrtbase.dll+0x29333]
C  [KERNEL32.DLL+0x1257d]
C  [ntdll.dll+0x5af28]


---------------  P R O C E S S  ---------------

Threads class SMR info:
_java_thread_list=0x0000025f62e215f0, length=19, elements={
0x0000025f48d5a850, 0x0000025f60816c60, 0x0000025f60818730, 0x0000025f6085c8e0,
0x0000025f6085d2a0, 0x0000025f6085db60, 0x0000025f6085e420, 0x0000025f61419860,
0x0000025f61422570, 0x0000025f61422e70, 0x0000025f615a4c50, 0x0000025f615a5120,
0x0000025f61871f00, 0x0000025f616b7e00, 0x0000025f61868350, 0x0000025f61868820,
0x0000025f61810060, 0x0000025f619f40c0, 0x0000025f619f4590
}

Java Threads: ( => current thread )
  0x0000025f48d5a850 JavaThread "main" [_thread_blocked, id=21852, stack(0x000000ac4c500000,0x000000ac4c600000)]
  0x0000025f60816c60 JavaThread "Reference Handler" daemon [_thread_blocked, id=25692, stack(0x000000ac4cc00000,0x000000ac4cd00000)]
  0x0000025f60818730 JavaThread "Finalizer" daemon [_thread_blocked, id=13508, stack(0x000000ac4cd00000,0x000000ac4ce00000)]
  0x0000025f6085c8e0 JavaThread "Signal Dispatcher" daemon [_thread_blocked, id=22176, stack(0x000000ac4ce00000,0x000000ac4cf00000)]
  0x0000025f6085d2a0 JavaThread "Attach Listener" daemon [_thread_blocked, id=25436, stack(0x000000ac4cf00000,0x000000ac4d000000)]
  0x0000025f6085db60 JavaThread "Service Thread" daemon [_thread_blocked, id=29560, stack(0x000000ac4d000000,0x000000ac4d100000)]
  0x0000025f6085e420 JavaThread "Monitor Deflation Thread" daemon [_thread_blocked, id=23016, stack(0x000000ac4d100000,0x000000ac4d200000)]
=>0x0000025f61419860 JavaThread "C2 CompilerThread0" daemon [_thread_in_native, id=23992, stack(0x000000ac4d200000,0x000000ac4d300000)]
  0x0000025f61422570 JavaThread "C1 CompilerThread0" daemon [_thread_blocked, id=29500, stack(0x000000ac4d300000,0x000000ac4d400000)]
  0x0000025f61422e70 JavaThread "Sweeper thread" daemon [_thread_blocked, id=24512, stack(0x000000ac4d400000,0x000000ac4d500000)]
  0x0000025f615a4c50 JavaThread "Common-Cleaner" daemon [_thread_blocked, id=5188, stack(0x000000ac4d500000,0x000000ac4d600000)]
  0x0000025f615a5120 JavaThread "Notification Thread" daemon [_thread_blocked, id=12588, stack(0x000000ac4d600000,0x000000ac4d700000)]
  0x0000025f61871f00 JavaThread "RMI TCP Accept-64370" daemon [_thread_in_native, id=3708, stack(0x000000ac4d800000,0x000000ac4d900000)]
  0x0000025f616b7e00 JavaThread "RMI TCP Accept-0" daemon [_thread_in_native, id=17676, stack(0x000000ac4d900000,0x000000ac4da00000)]
  0x0000025f61868350 JavaThread "RMI Reaper" [_thread_blocked, id=12540, stack(0x000000ac4da00000,0x000000ac4db00000)]
  0x0000025f61868820 JavaThread "RMI GC Daemon" daemon [_thread_blocked, id=10300, stack(0x000000ac4db00000,0x000000ac4dc00000)]
  0x0000025f61810060 JavaThread "RMI TCP Connection(1)-127.0.0.1" daemon [_thread_in_native, id=3960, stack(0x000000ac4dc00000,0x000000ac4dd00000)]
  0x0000025f619f40c0 JavaThread "RMI Scheduler(0)" daemon [_thread_blocked, id=18608, stack(0x000000ac4dd00000,0x000000ac4de00000)]
  0x0000025f619f4590 JavaThread "RMI TCP Connection(2)-127.0.0.1" daemon [_thread_in_native, id=24516, stack(0x000000ac4de00000,0x000000ac4df00000)]

Other Threads:
  0x0000025f608152b0 VMThread "VM Thread" [stack: 0x000000ac4cb00000,0x000000ac4cc00000] [id=20068]
  0x0000025f48daa410 WatcherThread [stack: 0x000000ac4d700000,0x000000ac4d800000] [id=9532]
  0x0000025f48d99070 GCTaskThread "GC Thread#0" [stack: 0x000000ac4c600000,0x000000ac4c700000] [id=9268]
  0x0000025f636c4af0 GCTaskThread "GC Thread#1" [stack: 0x000000ac4df00000,0x000000ac4e000000] [id=26040]
  0x0000025f631d2ec0 GCTaskThread "GC Thread#2" [stack: 0x000000ac4e000000,0x000000ac4e100000] [id=21968]
  0x0000025f631d3170 GCTaskThread "GC Thread#3" [stack: 0x000000ac4e100000,0x000000ac4e200000] [id=18200]
  0x0000025f61f837a0 GCTaskThread "GC Thread#4" [stack: 0x000000ac4e200000,0x000000ac4e300000] [id=26560]
  0x0000025f61f83a50 GCTaskThread "GC Thread#5" [stack: 0x000000ac4e300000,0x000000ac4e400000] [id=4492]
  0x0000025f61f83d00 GCTaskThread "GC Thread#6" [stack: 0x000000ac4e400000,0x000000ac4e500000] [id=19372]
  0x0000025f61f83fb0 GCTaskThread "GC Thread#7" [stack: 0x000000ac4e500000,0x000000ac4e600000] [id=29508]
  0x0000025f48da2ed0 ConcurrentGCThread "G1 Main Marker" [stack: 0x000000ac4c700000,0x000000ac4c800000] [id=22952]
  0x0000025f48da3f90 ConcurrentGCThread "G1 Conc#0" [stack: 0x000000ac4c800000,0x000000ac4c900000] [id=22200]
  0x0000025f606820b0 ConcurrentGCThread "G1 Refine#0" [stack: 0x000000ac4c900000,0x000000ac4ca00000] [id=27904]
  0x0000025f606829e0 ConcurrentGCThread "G1 Service" [stack: 0x000000ac4ca00000,0x000000ac4cb00000] [id=21788]

Threads with active compile tasks:
C2 CompilerThread0  1451269 2174       4       java.io.ObjectOutputStream$BlockDataOutputStream::drain (45 bytes)

VM state: not at safepoint (normal execution)

VM Mutex/Monitor currently owned by a thread: None

Heap address: 0x00000000c0000000, size: 1024 MB, Compressed Oops mode: 32-bit

CDS archive(s) not mapped
Compressed class space mapped at: 0x0000000100000000-0x0000000140000000, reserved size: 1073741824
Narrow klass base: 0x0000000000000000, Narrow klass shift: 3, Narrow klass range: 0x140000000

GC Precious Log:
 CPUs: 8 total, 8 available
 Memory: 16151M
 Large Page Support: Disabled
 NUMA Support: Disabled
 Compressed Oops: Enabled (32-bit)
 Heap Region Size: 1M
 Heap Min Capacity: 128M
 Heap Initial Capacity: 128M
 Heap Max Capacity: 1G
 Pre-touch: Disabled
 Parallel Workers: 8
 Concurrent Workers: 2
 Concurrent Refinement Workers: 8
 Periodic GC: Disabled

Heap:
 garbage-first heap   total 131072K, used 26956K [0x00000000c0000000, 0x0000000100000000)
  region size 1024K, 26 young (26624K), 3 survivors (3072K)
 Metaspace       used 16186K, committed 16448K, reserved 1064960K
  class space    used 1581K, committed 1728K, reserved 1048576K

Heap Regions: E=young(eden), S=young(survivor), O=old, HS=humongous(starts), HC=humongous(continues), CS=collection set, F=free, OA=open archive, CA=closed archive, TAMS=top-at-mark-start (previous, next)
|   0|0x00000000c0000000, 0x00000000c0100000, 0x00000000c0100000|100%| O|  |TAMS 0x00000000c0000000, 0x00000000c0000000| Untracked 
|   1|0x00000000c0100000, 0x00000000c0153200, 0x00000000c0200000| 32%| O|  |TAMS 0x00000000c0100000, 0x00000000c0100000| Untracked 
|   2|0x00000000c0200000, 0x00000000c0200000, 0x00000000c0300000|  0%| F|  |TAMS 0x00000000c0200000, 0x00000000c0200000| Untracked 
|   3|0x00000000c0300000, 0x00000000c0300000, 0x00000000c0400000|  0%| F|  |TAMS 0x00000000c0300000, 0x00000000c0300000| Untracked 
|   4|0x00000000c0400000, 0x00000000c0400000, 0x00000000c0500000|  0%| F|  |TAMS 0x00000000c0400000, 0x00000000c0400000| Untracked 
|   5|0x00000000c0500000, 0x00000000c0500000, 0x00000000c0600000|  0%| F|  |TAMS 0x00000000c0500000, 0x00000000c0500000| Untracked 
|   6|0x00000000c0600000, 0x00000000c0600000, 0x00000000c0700000|  0%| F|  |TAMS 0x00000000c0600000, 0x00000000c0600000| Untracked 
|   7|0x00000000c0700000, 0x00000000c0700000, 0x00000000c0800000|  0%| F|  |TAMS 0x00000000c0700000, 0x00000000c0700000| Untracked 
|   8|0x00000000c0800000, 0x00000000c0800000, 0x00000000c0900000|  0%| F|  |TAMS 0x00000000c0800000, 0x00000000c0800000| Untracked 
|   9|0x00000000c0900000, 0x00000000c0900000, 0x00000000c0a00000|  0%| F|  |TAMS 0x00000000c0900000, 0x00000000c0900000| Untracked 
|  10|0x00000000c0a00000, 0x00000000c0a00000, 0x00000000c0b00000|  0%| F|  |TAMS 0x00000000c0a00000, 0x00000000c0a00000| Untracked 
|  11|0x00000000c0b00000, 0x00000000c0b00000, 0x00000000c0c00000|  0%| F|  |TAMS 0x00000000c0b00000, 0x00000000c0b00000| Untracked 
|  12|0x00000000c0c00000, 0x00000000c0c00000, 0x00000000c0d00000|  0%| F|  |TAMS 0x00000000c0c00000, 0x00000000c0c00000| Untracked 
|  13|0x00000000c0d00000, 0x00000000c0d00000, 0x00000000c0e00000|  0%| F|  |TAMS 0x00000000c0d00000, 0x00000000c0d00000| Untracked 
|  14|0x00000000c0e00000, 0x00000000c0e00000, 0x00000000c0f00000|  0%| F|  |TAMS 0x00000000c0e00000, 0x00000000c0e00000| Untracked 
|  15|0x00000000c0f00000, 0x00000000c0f00000, 0x00000000c1000000|  0%| F|  |TAMS 0x00000000c0f00000, 0x00000000c0f00000| Untracked 
|  16|0x00000000c1000000, 0x00000000c1000000, 0x00000000c1100000|  0%| F|  |TAMS 0x00000000c1000000, 0x00000000c1000000| Untracked 
|  17|0x00000000c1100000, 0x00000000c1100000, 0x00000000c1200000|  0%| F|  |TAMS 0x00000000c1100000, 0x00000000c1100000| Untracked 
|  18|0x00000000c1200000, 0x00000000c1200000, 0x00000000c1300000|  0%| F|  |TAMS 0x00000000c1200000, 0x00000000c1200000| Untracked 
|  19|0x00000000c1300000, 0x00000000c1300000, 0x00000000c1400000|  0%| F|  |TAMS 0x00000000c1300000, 0x00000000c1300000| Untracked 
|  20|0x00000000c1400000, 0x00000000c1400000, 0x00000000c1500000|  0%| F|  |TAMS 0x00000000c1400000, 0x00000000c1400000| Untracked 
|  21|0x00000000c1500000, 0x00000000c1500000, 0x00000000c1600000|  0%| F|  |TAMS 0x00000000c1500000, 0x00000000c1500000| Untracked 
|  22|0x00000000c1600000, 0x00000000c1600000, 0x00000000c1700000|  0%| F|  |TAMS 0x00000000c1600000, 0x00000000c1600000| Untracked 
|  23|0x00000000c1700000, 0x00000000c1700000, 0x00000000c1800000|  0%| F|  |TAMS 0x00000000c1700000, 0x00000000c1700000| Untracked 
|  24|0x00000000c1800000, 0x00000000c1800000, 0x00000000c1900000|  0%| F|  |TAMS 0x00000000c1800000, 0x00000000c1800000| Untracked 
|  25|0x00000000c1900000, 0x00000000c1900000, 0x00000000c1a00000|  0%| F|  |TAMS 0x00000000c1900000, 0x00000000c1900000| Untracked 
|  26|0x00000000c1a00000, 0x00000000c1a00000, 0x00000000c1b00000|  0%| F|  |TAMS 0x00000000c1a00000, 0x00000000c1a00000| Untracked 
|  27|0x00000000c1b00000, 0x00000000c1b00000, 0x00000000c1c00000|  0%| F|  |TAMS 0x00000000c1b00000, 0x00000000c1b00000| Untracked 
|  28|0x00000000c1c00000, 0x00000000c1c00000, 0x00000000c1d00000|  0%| F|  |TAMS 0x00000000c1c00000, 0x00000000c1c00000| Untracked 
|  29|0x00000000c1d00000, 0x00000000c1d00000, 0x00000000c1e00000|  0%| F|  |TAMS 0x00000000c1d00000, 0x00000000c1d00000| Untracked 
|  30|0x00000000c1e00000, 0x00000000c1e00000, 0x00000000c1f00000|  0%| F|  |TAMS 0x00000000c1e00000, 0x00000000c1e00000| Untracked 
|  31|0x00000000c1f00000, 0x00000000c1f00000, 0x00000000c2000000|  0%| F|  |TAMS 0x00000000c1f00000, 0x00000000c1f00000| Untracked 
|  32|0x00000000c2000000, 0x00000000c2000000, 0x00000000c2100000|  0%| F|  |TAMS 0x00000000c2000000, 0x00000000c2000000| Untracked 
|  33|0x00000000c2100000, 0x00000000c2100000, 0x00000000c2200000|  0%| F|  |TAMS 0x00000000c2100000, 0x00000000c2100000| Untracked 
|  34|0x00000000c2200000, 0x00000000c2200000, 0x00000000c2300000|  0%| F|  |TAMS 0x00000000c2200000, 0x00000000c2200000| Untracked 
|  35|0x00000000c2300000, 0x00000000c2300000, 0x00000000c2400000|  0%| F|  |TAMS 0x00000000c2300000, 0x00000000c2300000| Untracked 
|  36|0x00000000c2400000, 0x00000000c2400000, 0x00000000c2500000|  0%| F|  |TAMS 0x00000000c2400000, 0x00000000c2400000| Untracked 
|  37|0x00000000c2500000, 0x00000000c2500000, 0x00000000c2600000|  0%| F|  |TAMS 0x00000000c2500000, 0x00000000c2500000| Untracked 
|  38|0x00000000c2600000, 0x00000000c2600000, 0x00000000c2700000|  0%| F|  |TAMS 0x00000000c2600000, 0x00000000c2600000| Untracked 
|  39|0x00000000c2700000, 0x00000000c2700000, 0x00000000c2800000|  0%| F|  |TAMS 0x00000000c2700000, 0x00000000c2700000| Untracked 
|  40|0x00000000c2800000, 0x00000000c2800000, 0x00000000c2900000|  0%| F|  |TAMS 0x00000000c2800000, 0x00000000c2800000| Untracked 
|  41|0x00000000c2900000, 0x00000000c2900000, 0x00000000c2a00000|  0%| F|  |TAMS 0x00000000c2900000, 0x00000000c2900000| Untracked 
|  42|0x00000000c2a00000, 0x00000000c2a00000, 0x00000000c2b00000|  0%| F|  |TAMS 0x00000000c2a00000, 0x00000000c2a00000| Untracked 
|  43|0x00000000c2b00000, 0x00000000c2b00000, 0x00000000c2c00000|  0%| F|  |TAMS 0x00000000c2b00000, 0x00000000c2b00000| Untracked 
|  44|0x00000000c2c00000, 0x00000000c2c00000, 0x00000000c2d00000|  0%| F|  |TAMS 0x00000000c2c00000, 0x00000000c2c00000| Untracked 
|  45|0x00000000c2d00000, 0x00000000c2d00000, 0x00000000c2e00000|  0%| F|  |TAMS 0x00000000c2d00000, 0x00000000c2d00000| Untracked 
|  46|0x00000000c2e00000, 0x00000000c2e00000, 0x00000000c2f00000|  0%| F|  |TAMS 0x00000000c2e00000, 0x00000000c2e00000| Untracked 
|  47|0x00000000c2f00000, 0x00000000c2f00000, 0x00000000c3000000|  0%| F|  |TAMS 0x00000000c2f00000, 0x00000000c2f00000| Untracked 
|  48|0x00000000c3000000, 0x00000000c3000000, 0x00000000c3100000|  0%| F|  |TAMS 0x00000000c3000000, 0x00000000c3000000| Untracked 
|  49|0x00000000c3100000, 0x00000000c3100000, 0x00000000c3200000|  0%| F|  |TAMS 0x00000000c3100000, 0x00000000c3100000| Untracked 
|  50|0x00000000c3200000, 0x00000000c3200000, 0x00000000c3300000|  0%| F|  |TAMS 0x00000000c3200000, 0x00000000c3200000| Untracked 
|  51|0x00000000c3300000, 0x00000000c3300000, 0x00000000c3400000|  0%| F|  |TAMS 0x00000000c3300000, 0x00000000c3300000| Untracked 
|  52|0x00000000c3400000, 0x00000000c3400000, 0x00000000c3500000|  0%| F|  |TAMS 0x00000000c3400000, 0x00000000c3400000| Untracked 
|  53|0x00000000c3500000, 0x00000000c3500000, 0x00000000c3600000|  0%| F|  |TAMS 0x00000000c3500000, 0x00000000c3500000| Untracked 
|  54|0x00000000c3600000, 0x00000000c3600000, 0x00000000c3700000|  0%| F|  |TAMS 0x00000000c3600000, 0x00000000c3600000| Untracked 
|  55|0x00000000c3700000, 0x00000000c3700000, 0x00000000c3800000|  0%| F|  |TAMS 0x00000000c3700000, 0x00000000c3700000| Untracked 
|  56|0x00000000c3800000, 0x00000000c3800000, 0x00000000c3900000|  0%| F|  |TAMS 0x00000000c3800000, 0x00000000c3800000| Untracked 
|  57|0x00000000c3900000, 0x00000000c3900000, 0x00000000c3a00000|  0%| F|  |TAMS 0x00000000c3900000, 0x00000000c3900000| Untracked 
|  58|0x00000000c3a00000, 0x00000000c3a00000, 0x00000000c3b00000|  0%| F|  |TAMS 0x00000000c3a00000, 0x00000000c3a00000| Untracked 
|  59|0x00000000c3b00000, 0x00000000c3b00000, 0x00000000c3c00000|  0%| F|  |TAMS 0x00000000c3b00000, 0x00000000c3b00000| Untracked 
|  60|0x00000000c3c00000, 0x00000000c3c00000, 0x00000000c3d00000|  0%| F|  |TAMS 0x00000000c3c00000, 0x00000000c3c00000| Untracked 
|  61|0x00000000c3d00000, 0x00000000c3d00000, 0x00000000c3e00000|  0%| F|  |TAMS 0x00000000c3d00000, 0x00000000c3d00000| Untracked 
|  62|0x00000000c3e00000, 0x00000000c3e00000, 0x00000000c3f00000|  0%| F|  |TAMS 0x00000000c3e00000, 0x00000000c3e00000| Untracked 
|  63|0x00000000c3f00000, 0x00000000c3f00000, 0x00000000c4000000|  0%| F|  |TAMS 0x00000000c3f00000, 0x00000000c3f00000| Untracked 
|  64|0x00000000c4000000, 0x00000000c4000000, 0x00000000c4100000|  0%| F|  |TAMS 0x00000000c4000000, 0x00000000c4000000| Untracked 
|  65|0x00000000c4100000, 0x00000000c4100000, 0x00000000c4200000|  0%| F|  |TAMS 0x00000000c4100000, 0x00000000c4100000| Untracked 
|  66|0x00000000c4200000, 0x00000000c4200000, 0x00000000c4300000|  0%| F|  |TAMS 0x00000000c4200000, 0x00000000c4200000| Untracked 
|  67|0x00000000c4300000, 0x00000000c4300000, 0x00000000c4400000|  0%| F|  |TAMS 0x00000000c4300000, 0x00000000c4300000| Untracked 
|  68|0x00000000c4400000, 0x00000000c4400000, 0x00000000c4500000|  0%| F|  |TAMS 0x00000000c4400000, 0x00000000c4400000| Untracked 
|  69|0x00000000c4500000, 0x00000000c4500000, 0x00000000c4600000|  0%| F|  |TAMS 0x00000000c4500000, 0x00000000c4500000| Untracked 
|  70|0x00000000c4600000, 0x00000000c4600000, 0x00000000c4700000|  0%| F|  |TAMS 0x00000000c4600000, 0x00000000c4600000| Untracked 
|  71|0x00000000c4700000, 0x00000000c4700000, 0x00000000c4800000|  0%| F|  |TAMS 0x00000000c4700000, 0x00000000c4700000| Untracked 
|  72|0x00000000c4800000, 0x00000000c4800000, 0x00000000c4900000|  0%| F|  |TAMS 0x00000000c4800000, 0x00000000c4800000| Untracked 
|  73|0x00000000c4900000, 0x00000000c4900000, 0x00000000c4a00000|  0%| F|  |TAMS 0x00000000c4900000, 0x00000000c4900000| Untracked 
|  74|0x00000000c4a00000, 0x00000000c4a00000, 0x00000000c4b00000|  0%| F|  |TAMS 0x00000000c4a00000, 0x00000000c4a00000| Untracked 
|  75|0x00000000c4b00000, 0x00000000c4b00000, 0x00000000c4c00000|  0%| F|  |TAMS 0x00000000c4b00000, 0x00000000c4b00000| Untracked 
|  76|0x00000000c4c00000, 0x00000000c4c00000, 0x00000000c4d00000|  0%| F|  |TAMS 0x00000000c4c00000, 0x00000000c4c00000| Untracked 
|  77|0x00000000c4d00000, 0x00000000c4d00000, 0x00000000c4e00000|  0%| F|  |TAMS 0x00000000c4d00000, 0x00000000c4d00000| Untracked 
|  78|0x00000000c4e00000, 0x00000000c4e00000, 0x00000000c4f00000|  0%| F|  |TAMS 0x00000000c4e00000, 0x00000000c4e00000| Untracked 
|  79|0x00000000c4f00000, 0x00000000c4f00000, 0x00000000c5000000|  0%| F|  |TAMS 0x00000000c4f00000, 0x00000000c4f00000| Untracked 
|  80|0x00000000c5000000, 0x00000000c5000000, 0x00000000c5100000|  0%| F|  |TAMS 0x00000000c5000000, 0x00000000c5000000| Untracked 
|  81|0x00000000c5100000, 0x00000000c5100000, 0x00000000c5200000|  0%| F|  |TAMS 0x00000000c5100000, 0x00000000c5100000| Untracked 
|  82|0x00000000c5200000, 0x00000000c5200000, 0x00000000c5300000|  0%| F|  |TAMS 0x00000000c5200000, 0x00000000c5200000| Untracked 
|  83|0x00000000c5300000, 0x00000000c5300000, 0x00000000c5400000|  0%| F|  |TAMS 0x00000000c5300000, 0x00000000c5300000| Untracked 
|  84|0x00000000c5400000, 0x00000000c5400000, 0x00000000c5500000|  0%| F|  |TAMS 0x00000000c5400000, 0x00000000c5400000| Untracked 
|  85|0x00000000c5500000, 0x00000000c5500000, 0x00000000c5600000|  0%| F|  |TAMS 0x00000000c5500000, 0x00000000c5500000| Untracked 
|  86|0x00000000c5600000, 0x00000000c5600000, 0x00000000c5700000|  0%| F|  |TAMS 0x00000000c5600000, 0x00000000c5600000| Untracked 
|  87|0x00000000c5700000, 0x00000000c5700000, 0x00000000c5800000|  0%| F|  |TAMS 0x00000000c5700000, 0x00000000c5700000| Untracked 
|  88|0x00000000c5800000, 0x00000000c5800000, 0x00000000c5900000|  0%| F|  |TAMS 0x00000000c5800000, 0x00000000c5800000| Untracked 
|  89|0x00000000c5900000, 0x00000000c5900000, 0x00000000c5a00000|  0%| F|  |TAMS 0x00000000c5900000, 0x00000000c5900000| Untracked 
|  90|0x00000000c5a00000, 0x00000000c5a00000, 0x00000000c5b00000|  0%| F|  |TAMS 0x00000000c5a00000, 0x00000000c5a00000| Untracked 
|  91|0x00000000c5b00000, 0x00000000c5b00000, 0x00000000c5c00000|  0%| F|  |TAMS 0x00000000c5b00000, 0x00000000c5b00000| Untracked 
|  92|0x00000000c5c00000, 0x00000000c5c00000, 0x00000000c5d00000|  0%| F|  |TAMS 0x00000000c5c00000, 0x00000000c5c00000| Untracked 
|  93|0x00000000c5d00000, 0x00000000c5d00000, 0x00000000c5e00000|  0%| F|  |TAMS 0x00000000c5d00000, 0x00000000c5d00000| Untracked 
|  94|0x00000000c5e00000, 0x00000000c5e00000, 0x00000000c5f00000|  0%| F|  |TAMS 0x00000000c5e00000, 0x00000000c5e00000| Untracked 
|  95|0x00000000c5f00000, 0x00000000c5f00000, 0x00000000c6000000|  0%| F|  |TAMS 0x00000000c5f00000, 0x00000000c5f00000| Untracked 
|  96|0x00000000c6000000, 0x00000000c6000000, 0x00000000c6100000|  0%| F|  |TAMS 0x00000000c6000000, 0x00000000c6000000| Untracked 
|  97|0x00000000c6100000, 0x00000000c6100000, 0x00000000c6200000|  0%| F|  |TAMS 0x00000000c6100000, 0x00000000c6100000| Untracked 
|  98|0x00000000c6200000, 0x00000000c6200000, 0x00000000c6300000|  0%| F|  |TAMS 0x00000000c6200000, 0x00000000c6200000| Untracked 
|  99|0x00000000c6300000, 0x00000000c6300000, 0x00000000c6400000|  0%| F|  |TAMS 0x00000000c6300000, 0x00000000c6300000| Untracked 
| 100|0x00000000c6400000, 0x00000000c6400000, 0x00000000c6500000|  0%| F|  |TAMS 0x00000000c6400000, 0x00000000c6400000| Untracked 
| 101|0x00000000c6500000, 0x00000000c6500000, 0x00000000c6600000|  0%| F|  |TAMS 0x00000000c6500000, 0x00000000c6500000| Untracked 
| 102|0x00000000c6600000, 0x00000000c6700000, 0x00000000c6700000|100%| S|CS|TAMS 0x00000000c6600000, 0x00000000c6600000| Complete 
| 103|0x00000000c6700000, 0x00000000c6800000, 0x00000000c6800000|100%| S|CS|TAMS 0x00000000c6700000, 0x00000000c6700000| Complete 
| 104|0x00000000c6800000, 0x00000000c6900000, 0x00000000c6900000|100%| S|CS|TAMS 0x00000000c6800000, 0x00000000c6800000| Complete 
| 105|0x00000000c6900000, 0x00000000c69ccf50, 0x00000000c6a00000| 80%| E|  |TAMS 0x00000000c6900000, 0x00000000c6900000| Complete 
| 106|0x00000000c6a00000, 0x00000000c6b00000, 0x00000000c6b00000|100%| E|CS|TAMS 0x00000000c6a00000, 0x00000000c6a00000| Complete 
| 107|0x00000000c6b00000, 0x00000000c6c00000, 0x00000000c6c00000|100%| E|CS|TAMS 0x00000000c6b00000, 0x00000000c6b00000| Complete 
| 108|0x00000000c6c00000, 0x00000000c6d00000, 0x00000000c6d00000|100%| E|CS|TAMS 0x00000000c6c00000, 0x00000000c6c00000| Complete 
| 109|0x00000000c6d00000, 0x00000000c6e00000, 0x00000000c6e00000|100%| E|CS|TAMS 0x00000000c6d00000, 0x00000000c6d00000| Complete 
| 110|0x00000000c6e00000, 0x00000000c6f00000, 0x00000000c6f00000|100%| E|CS|TAMS 0x00000000c6e00000, 0x00000000c6e00000| Complete 
| 111|0x00000000c6f00000, 0x00000000c7000000, 0x00000000c7000000|100%| E|CS|TAMS 0x00000000c6f00000, 0x00000000c6f00000| Complete 
| 112|0x00000000c7000000, 0x00000000c7100000, 0x00000000c7100000|100%| E|CS|TAMS 0x00000000c7000000, 0x00000000c7000000| Complete 
| 113|0x00000000c7100000, 0x00000000c7200000, 0x00000000c7200000|100%| E|CS|TAMS 0x00000000c7100000, 0x00000000c7100000| Complete 
| 114|0x00000000c7200000, 0x00000000c7300000, 0x00000000c7300000|100%| E|CS|TAMS 0x00000000c7200000, 0x00000000c7200000| Complete 
| 115|0x00000000c7300000, 0x00000000c7400000, 0x00000000c7400000|100%| E|CS|TAMS 0x00000000c7300000, 0x00000000c7300000| Complete 
| 116|0x00000000c7400000, 0x00000000c7500000, 0x00000000c7500000|100%| E|CS|TAMS 0x00000000c7400000, 0x00000000c7400000| Complete 
| 117|0x00000000c7500000, 0x00000000c7600000, 0x00000000c7600000|100%| E|CS|TAMS 0x00000000c7500000, 0x00000000c7500000| Complete 
| 118|0x00000000c7600000, 0x00000000c7700000, 0x00000000c7700000|100%| E|CS|TAMS 0x00000000c7600000, 0x00000000c7600000| Complete 
| 119|0x00000000c7700000, 0x00000000c7800000, 0x00000000c7800000|100%| E|CS|TAMS 0x00000000c7700000, 0x00000000c7700000| Complete 
| 120|0x00000000c7800000, 0x00000000c7900000, 0x00000000c7900000|100%| E|CS|TAMS 0x00000000c7800000, 0x00000000c7800000| Complete 
| 121|0x00000000c7900000, 0x00000000c7a00000, 0x00000000c7a00000|100%| E|CS|TAMS 0x00000000c7900000, 0x00000000c7900000| Complete 
| 122|0x00000000c7a00000, 0x00000000c7b00000, 0x00000000c7b00000|100%| E|CS|TAMS 0x00000000c7a00000, 0x00000000c7a00000| Complete 
| 123|0x00000000c7b00000, 0x00000000c7c00000, 0x00000000c7c00000|100%| E|CS|TAMS 0x00000000c7b00000, 0x00000000c7b00000| Complete 
| 124|0x00000000c7c00000, 0x00000000c7d00000, 0x00000000c7d00000|100%| E|CS|TAMS 0x00000000c7c00000, 0x00000000c7c00000| Complete 
| 125|0x00000000c7d00000, 0x00000000c7e00000, 0x00000000c7e00000|100%| E|CS|TAMS 0x00000000c7d00000, 0x00000000c7d00000| Complete 
| 126|0x00000000c7e00000, 0x00000000c7f00000, 0x00000000c7f00000|100%| E|CS|TAMS 0x00000000c7e00000, 0x00000000c7e00000| Complete 
| 127|0x00000000c7f00000, 0x00000000c8000000, 0x00000000c8000000|100%| E|CS|TAMS 0x00000000c7f00000, 0x00000000c7f00000| Complete 

Card table byte_map: [0x0000025f5b9d0000,0x0000025f5bbd0000] _byte_map_base: 0x0000025f5b3d0000

Marking Bits (Prev, Next): (CMBitMap*) 0x0000025f48d9a5a0, (CMBitMap*) 0x0000025f48d9a5e0
 Prev Bits: [0x0000025f5bdd0000, 0x0000025f5cdd0000)
 Next Bits: [0x0000025f5cdd0000, 0x0000025f5ddd0000)

Polling page: 0x0000025f46d30000

Metaspace:

Usage:
  Non-class:     14.26 MB used.
      Class:      1.54 MB used.
       Both:     15.81 MB used.

Virtual space:
  Non-class space:       16.00 MB reserved,      14.38 MB ( 90%) committed,  2 nodes.
      Class space:        1.00 GB reserved,       1.69 MB ( <1%) committed,  1 nodes.
             Both:        1.02 GB reserved,      16.06 MB (  2%) committed. 

Chunk freelists:
   Non-Class:  714.00 KB
       Class:  2.35 MB
        Both:  3.04 MB

MaxMetaspaceSize: unlimited
CompressedClassSpaceSize: 1.00 GB
Initial GC threshold: 21.00 MB
Current GC threshold: 21.00 MB
CDS: off
MetaspaceReclaimPolicy: balanced
 - commit_granule_bytes: 65536.
 - commit_granule_words: 8192.
 - virtual_space_node_default_size: 1048576.
 - enlarge_chunks_in_place: 1.
 - new_chunks_are_fully_committed: 0.
 - uncommit_free_chunks: 1.
 - use_allocation_guard: 0.
 - handle_deallocations: 1.


Internal statistics:

num_allocs_failed_limit: 0.
num_arena_births: 308.
num_arena_deaths: 0.
num_vsnodes_births: 3.
num_vsnodes_deaths: 0.
num_space_committed: 257.
num_space_uncommitted: 0.
num_chunks_returned_to_freelist: 0.
num_chunks_taken_from_freelist: 597.
num_chunk_merges: 0.
num_chunk_splits: 331.
num_chunks_enlarged: 132.
num_purges: 0.
num_inconsistent_stats: 0.

CodeHeap 'non-profiled nmethods': size=120000Kb used=1009Kb max_used=1009Kb free=118990Kb
 bounds [0x0000025f53f70000, 0x0000025f541e0000, 0x0000025f5b4a0000]
CodeHeap 'profiled nmethods': size=120000Kb used=4449Kb max_used=4449Kb free=115550Kb
 bounds [0x0000025f4ca40000, 0x0000025f4cea0000, 0x0000025f53f70000]
CodeHeap 'non-nmethods': size=5760Kb used=1191Kb max_used=1245Kb free=4568Kb
 bounds [0x0000025f4c4a0000, 0x0000025f4c710000, 0x0000025f4ca40000]
 total_blobs=2652 nmethods=2173 adapters=392
 compilation: enabled
              stopped_count=0, restarted_count=0
 full_count=0

Compilation events (20 events):
Event: 1192.220 Thread 0x0000025f61422570 nmethod 2163 0x0000025f4ce8ea10 code [0x0000025f4ce8eba0, 0x0000025f4ce8ecb8]
Event: 1200.958 Thread 0x0000025f61422570 2164       3       java.util.concurrent.locks.AbstractQueuedSynchronizer$ConditionObject::awaitNanos (200 bytes)
Event: 1200.963 Thread 0x0000025f61422570 nmethod 2164 0x0000025f4ce8ed90 code [0x0000025f4ce8f080, 0x0000025f4ce900e8]
Event: 1201.223 Thread 0x0000025f61422570 2165   !   3       java.util.concurrent.locks.AbstractQueuedSynchronizer::acquire (407 bytes)
Event: 1201.226 Thread 0x0000025f61422570 nmethod 2165 0x0000025f4ce90790 code [0x0000025f4ce90b20, 0x0000025f4ce92488]
Event: 1210.229 Thread 0x0000025f61422570 2166   !   3       java.util.concurrent.FutureTask::run (123 bytes)
Event: 1210.240 Thread 0x0000025f61422570 nmethod 2166 0x0000025f4ce92e10 code [0x0000025f4ce932c0, 0x0000025f4ce95c68]
Event: 1228.231 Thread 0x0000025f61422570 2167       3       java.util.concurrent.locks.AbstractQueuedSynchronizer$Node::setStatusRelaxed (12 bytes)
Event: 1228.231 Thread 0x0000025f61422570 nmethod 2167 0x0000025f4ce96910 code [0x0000025f4ce96aa0, 0x0000025f4ce96bb8]
Event: 1237.234 Thread 0x0000025f61422570 2168       3       jdk.internal.misc.Unsafe::putIntOpaque (9 bytes)
Event: 1237.234 Thread 0x0000025f61422570 nmethod 2168 0x0000025f4ce96c90 code [0x0000025f4ce96e20, 0x0000025f4ce96f38]
Event: 1237.234 Thread 0x0000025f61422570 2170       3       java.util.concurrent.locks.ReentrantLock$NonfairSync::tryAcquire (27 bytes)
Event: 1237.235 Thread 0x0000025f61422570 nmethod 2170 0x0000025f4ce97010 code [0x0000025f4ce971c0, 0x0000025f4ce97448]
Event: 1279.470 Thread 0x0000025f61422570 2171       3       java.util.concurrent.ScheduledThreadPoolExecutor::schedule (56 bytes)
Event: 1279.473 Thread 0x0000025f61422570 nmethod 2171 0x0000025f4ce97510 code [0x0000025f4ce97740, 0x0000025f4ce98088]
Event: 1306.479 Thread 0x0000025f61419860 2172       4       java.rmi.server.UID::hashCode (11 bytes)
Event: 1306.479 Thread 0x0000025f61419860 nmethod 2172 0x0000025f5406c190 code [0x0000025f5406c300, 0x0000025f5406c398]
Event: 1444.420 Thread 0x0000025f61419860 2173       4       java.util.concurrent.TimeUnit::toNanos (45 bytes)
Event: 1444.422 Thread 0x0000025f61419860 nmethod 2173 0x0000025f5406c490 code [0x0000025f5406c600, 0x0000025f5406c6f8]
Event: 1450.578 Thread 0x0000025f61419860 2174       4       java.io.ObjectOutputStream$BlockDataOutputStream::drain (45 bytes)

GC Heap History (2 events):
Event: 2.713 GC heap before
{Heap before GC invocations=0 (full 0):
 garbage-first heap   total 131072K, used 22528K [0x00000000c0000000, 0x0000000100000000)
  region size 1024K, 23 young (23552K), 0 survivors (0K)
 Metaspace       used 15556K, committed 15808K, reserved 1064960K
  class space    used 1546K, committed 1664K, reserved 1048576K
}
Event: 2.730 GC heap after
{Heap after GC invocations=1 (full 0):
 garbage-first heap   total 131072K, used 4428K [0x00000000c0000000, 0x0000000100000000)
  region size 1024K, 3 young (3072K), 3 survivors (3072K)
 Metaspace       used 15556K, committed 15808K, reserved 1064960K
  class space    used 1546K, committed 1664K, reserved 1048576K
}

Deoptimization events (20 events):
Event: 9.890 Thread 0x0000025f61810060 Uncommon trap: trap_request=0xffffff45 fr.pc=0x0000025f54019e90 relative=0x00000000000017f0
Event: 9.890 Thread 0x0000025f61810060 Uncommon trap: reason=unstable_if action=reinterpret pc=0x0000025f54019e90 method=java.io.ObjectStreamClass.lookup(Ljava/lang/Class;Z)Ljava/io/ObjectStreamClass; @ 1 c2
Event: 9.890 Thread 0x0000025f61810060 DEOPT PACKING pc=0x0000025f54019e90 sp=0x000000ac4dcfe820
Event: 9.890 Thread 0x0000025f61810060 DEOPT UNPACKING pc=0x0000025f4c4f5c23 sp=0x000000ac4dcfe7d0 mode 2
Event: 11.519 Thread 0x0000025f619f4590 Uncommon trap: trap_request=0xffffff45 fr.pc=0x0000025f53ff43e8 relative=0x00000000000002c8
Event: 11.519 Thread 0x0000025f619f4590 Uncommon trap: reason=unstable_if action=reinterpret pc=0x0000025f53ff43e8 method=java.io.ObjectInputStream$BlockDataInputStream.read()I @ 4 c2
Event: 11.519 Thread 0x0000025f619f4590 DEOPT PACKING pc=0x0000025f53ff43e8 sp=0x000000ac4defe7f0
Event: 11.519 Thread 0x0000025f619f4590 DEOPT UNPACKING pc=0x0000025f4c4f5c23 sp=0x000000ac4defe7c0 mode 2
Event: 76.893 Thread 0x0000025f619f4590 Uncommon trap: trap_request=0xffffff45 fr.pc=0x0000025f54015e1c relative=0x00000000000000fc
Event: 76.893 Thread 0x0000025f619f4590 Uncommon trap: reason=unstable_if action=reinterpret pc=0x0000025f54015e1c method=java.io.ObjectInputStream$HandleTable.markDependency(II)V @ 12 c2
Event: 76.893 Thread 0x0000025f619f4590 DEOPT PACKING pc=0x0000025f54015e1c sp=0x000000ac4defe550
Event: 76.893 Thread 0x0000025f619f4590 DEOPT UNPACKING pc=0x0000025f4c4f5c23 sp=0x000000ac4defe4d0 mode 2
Event: 77.451 Thread 0x0000025f619f4590 Uncommon trap: trap_request=0xffffff45 fr.pc=0x0000025f53feb8e8 relative=0x00000000000008a8
Event: 77.451 Thread 0x0000025f619f4590 Uncommon trap: reason=unstable_if action=reinterpret pc=0x0000025f53feb8e8 method=java.io.ObjectInputStream$BlockDataInputStream.readUTFSpan(Ljava/lang/StringBuilder;J)J @ 88 c2
Event: 77.451 Thread 0x0000025f619f4590 DEOPT PACKING pc=0x0000025f53feb8e8 sp=0x000000ac4defe770
Event: 77.451 Thread 0x0000025f619f4590 DEOPT UNPACKING pc=0x0000025f4c4f5c23 sp=0x000000ac4defe718 mode 2
Event: 77.529 Thread 0x0000025f619f4590 Uncommon trap: trap_request=0xffffff45 fr.pc=0x0000025f5400bfe4 relative=0x0000000000000064
Event: 77.529 Thread 0x0000025f619f4590 Uncommon trap: reason=unstable_if action=reinterpret pc=0x0000025f5400bfe4 method=java.io.ObjectStreamClass.getSerialVersionUID()J @ 4 c2
Event: 77.529 Thread 0x0000025f619f4590 DEOPT PACKING pc=0x0000025f5400bfe4 sp=0x000000ac4defe530
Event: 77.529 Thread 0x0000025f619f4590 DEOPT UNPACKING pc=0x0000025f4c4f5c23 sp=0x000000ac4defe4c8 mode 2

Classes unloaded (0 events):
No events

Classes redefined (0 events):
No events

Internal exceptions (20 events):
Event: 0.354 Thread 0x0000025f48d5a850 Exception <a 'java/lang/NoSuchMethodError'{0x00000000c7df4aa0}: 'java.lang.Object java.lang.invoke.DirectMethodHandle$Holder.invokeStaticInit(java.lang.Object)'> (0x00000000c7df4aa0) 
thrown [s\src\hotspot\share\interpreter\linkResolver.cpp, line 778]
Event: 0.435 Thread 0x0000025f48d5a850 Exception <a 'java/lang/NoSuchMethodError'{0x00000000c7c845e8}: 'java.lang.Object java.lang.invoke.DirectMethodHandle$Holder.invokeStaticInit(java.lang.Object, int, int, int, int)'> (0x00000000c7c845e8) 
thrown [s\src\hotspot\share\interpreter\linkResolver.cpp, line 778]
Event: 0.734 Thread 0x0000025f48d5a850 Exception <a 'java/lang/NoSuchMethodError'{0x00000000c7b5abb0}: 'java.lang.Object java.lang.invoke.DirectMethodHandle$Holder.invokeStaticInit(java.lang.Object, java.lang.Object, int, int, int, int)'> (0x00000000c7b5abb0) 
thrown [s\src\hotspot\share\interpreter\linkResolver.cpp, line 778]
Event: 0.777 Thread 0x0000025f48d5a850 Exception <a 'java/lang/NoSuchMethodError'{0x00000000c7b94e40}: 'void java.lang.invoke.DirectMethodHandle$Holder.invokeStatic(java.lang.Object, java.lang.Object)'> (0x00000000c7b94e40) 
thrown [s\src\hotspot\share\interpreter\linkResolver.cpp, line 778]
Event: 0.882 Thread 0x0000025f48d5a850 Exception <a 'java/lang/NoSuchMethodError'{0x00000000c797d9f0}: 'java.lang.Object java.lang.invoke.Invokers$Holder.linkToTargetMethod(java.lang.Object, long, java.lang.Object)'> (0x00000000c797d9f0) 
thrown [s\src\hotspot\share\interpreter\linkResolver.cpp, line 778]
Event: 0.957 Thread 0x0000025f619f4590 Exception <a 'java/lang/NoSuchMethodError'{0x00000000c770ee80}: static [B.<clinit>()V> (0x00000000c770ee80) 
thrown [s\src\hotspot\share\prims\jni.cpp, line 1108]
Event: 1.228 Thread 0x0000025f619f4590 Exception <a 'sun/nio/fs/WindowsException'{0x00000000c72c1d78}> (0x00000000c72c1d78) 
thrown [s\src\hotspot\share\prims\jni.cpp, line 517]
Event: 1.228 Thread 0x0000025f619f4590 Exception <a 'sun/nio/fs/WindowsException'{0x00000000c72c2120}> (0x00000000c72c2120) 
thrown [s\src\hotspot\share\prims\jni.cpp, line 517]
Event: 1.231 Thread 0x0000025f619f4590 Exception <a 'sun/nio/fs/WindowsException'{0x00000000c72c37d0}> (0x00000000c72c37d0) 
thrown [s\src\hotspot\share\prims\jni.cpp, line 517]
Event: 1.560 Thread 0x0000025f619f4590 Exception <a 'java/lang/NoSuchMethodError'{0x00000000c6ff7f30}: static Lcom/intellij/database/remote/jdba/core/ConnectionInfo;.<clinit>()V> (0x00000000c6ff7f30) 
thrown [s\src\hotspot\share\prims\jni.cpp, line 1108]
Event: 1.562 Thread 0x0000025f619f4590 Exception <a 'java/lang/NoSuchMethodError'{0x00000000c6e013b8}: static Ljava/lang/Object;.<clinit>()V> (0x00000000c6e013b8) 
thrown [s\src\hotspot\share\prims\jni.cpp, line 1108]
Event: 1.563 Thread 0x0000025f619f4590 Exception <a 'java/lang/NoSuchMethodError'{0x00000000c6e04e98}: static [I.<clinit>()V> (0x00000000c6e04e98) 
thrown [s\src\hotspot\share\prims\jni.cpp, line 1108]
Event: 1.908 Thread 0x0000025f619f4590 Exception <a 'java/lang/NoSuchMethodError'{0x00000000c6ca23b8}: static Lcom/intellij/database/remote/jdba/core/ResultLayout;.<clinit>()V> (0x00000000c6ca23b8) 
thrown [s\src\hotspot\share\prims\jni.cpp, line 1108]
Event: 1.912 Thread 0x0000025f619f4590 Exception <a 'java/lang/NoSuchMethodError'{0x00000000c6cb02e8}: static Lcom/intellij/database/remote/jdba/core/RowLayout;.<clinit>()V> (0x00000000c6cb02e8) 
thrown [s\src\hotspot\share\prims\jni.cpp, line 1108]
Event: 1.914 Thread 0x0000025f619f4590 Exception <a 'java/lang/NoSuchMethodError'{0x00000000c6cbaff8}: static Lcom/intellij/database/remote/jdba/util/NameAndClass;.<clinit>()V> (0x00000000c6cbaff8) 
thrown [s\src\hotspot\share\prims\jni.cpp, line 1108]
Event: 2.016 Thread 0x0000025f619f4590 Exception <a 'java/lang/NoSuchMethodError'{0x00000000c6b34a30}: 'java.lang.Object java.lang.invoke.DirectMethodHandle$Holder.newInvokeSpecial(java.lang.Object, java.lang.Object, int)'> (0x00000000c6b34a30) 
thrown [s\src\hotspot\share\interpreter\linkResolver.cpp, line 778]
Event: 2.042 Thread 0x0000025f619f4590 Exception <a 'java/lang/NoSuchMethodError'{0x00000000c6b978d0}: static [Ljava/lang/Object;.<clinit>()V> (0x00000000c6b978d0) 
thrown [s\src\hotspot\share\prims\jni.cpp, line 1108]
Event: 3.177 Thread 0x0000025f619f4590 Exception <a 'java/lang/NoSuchMethodError'{0x00000000c7d33800}: 'java.lang.Object java.lang.invoke.DirectMethodHandle$Holder.newInvokeSpecial(java.lang.Object, java.lang.Object, long)'> (0x00000000c7d33800) 
thrown [s\src\hotspot\share\interpreter\linkResolver.cpp, line 778]
Event: 77.529 Thread 0x0000025f619f4590 Exception <a 'java/lang/NoSuchMethodError'{0x00000000c7067208}: static Lcom/intellij/database/remote/jdbc/RemoteResultSet$DataRetrievingOptions;.<clinit>()V> (0x00000000c7067208) 
thrown [s\src\hotspot\share\prims\jni.cpp, line 1108]
Event: 83.637 Thread 0x0000025f619f4590 Exception <a 'java/lang/NoSuchMethodError'{0x00000000c707f8d0}: 'void java.lang.invoke.DirectMethodHandle$Holder.invokeSpecial(java.lang.Object, java.lang.Object, java.lang.Object)'> (0x00000000c707f8d0) 
thrown [s\src\hotspot\share\interpreter\linkResolver.cpp, line 778]

VM Operations (20 events):
Event: 110.781 Executing VM operation: Cleanup
Event: 110.781 Executing VM operation: Cleanup done
Event: 190.824 Executing VM operation: Cleanup
Event: 190.824 Executing VM operation: Cleanup done
Event: 201.828 Executing VM operation: Cleanup
Event: 201.828 Executing VM operation: Cleanup done
Event: 301.879 Executing VM operation: Cleanup
Event: 301.879 Executing VM operation: Cleanup done
Event: 487.978 Executing VM operation: Cleanup
Event: 487.979 Executing VM operation: Cleanup done
Event: 938.218 Executing VM operation: Cleanup
Event: 938.218 Executing VM operation: Cleanup done
Event: 1099.378 Executing VM operation: Cleanup
Event: 1099.400 Executing VM operation: Cleanup done
Event: 1101.401 Executing VM operation: Cleanup
Event: 1101.401 Executing VM operation: Cleanup done
Event: 1210.523 Executing VM operation: Cleanup
Event: 1210.523 Executing VM operation: Cleanup done
Event: 1246.540 Executing VM operation: Cleanup
Event: 1246.540 Executing VM operation: Cleanup done

Events (20 events):
Event: 85.083 Thread 0x0000025f61a30e10 Thread exited: 0x0000025f61a30e10
Event: 85.083 Thread 0x0000025f61a31c80 Thread exited: 0x0000025f61a31c80
Event: 90.936 Thread 0x0000025f61a30e10 Thread added: 0x0000025f61a30e10
Event: 90.937 Thread 0x0000025f61a31c80 Thread added: 0x0000025f61a31c80
Event: 90.940 Thread 0x0000025f61a31c80 Thread exited: 0x0000025f61a31c80
Event: 90.940 Thread 0x0000025f61a30e10 Thread exited: 0x0000025f61a30e10
Event: 110.077 loading class java/util/DualPivotQuicksort
Event: 110.078 loading class java/util/DualPivotQuicksort done
Event: 121.877 Thread 0x0000025f61a30e10 Thread added: 0x0000025f61a30e10
Event: 121.877 Thread 0x0000025f61a31c80 Thread added: 0x0000025f61a31c80
Event: 121.877 Thread 0x0000025f61a32150 Thread added: 0x0000025f61a32150
Event: 121.877 Thread 0x0000025f614eefb0 Thread added: 0x0000025f614eefb0
Event: 121.877 Thread 0x0000025f614ebf90 Thread added: 0x0000025f614ebf90
Event: 121.878 Thread 0x0000025f61a30e10 Thread exited: 0x0000025f61a30e10
Event: 121.878 Thread 0x0000025f61a31c80 Thread exited: 0x0000025f61a31c80
Event: 121.878 Thread 0x0000025f614ebf90 Thread exited: 0x0000025f614ebf90
Event: 121.880 Thread 0x0000025f61a32150 Thread exited: 0x0000025f61a32150
Event: 121.880 Thread 0x0000025f614eefb0 Thread exited: 0x0000025f614eefb0
Event: 202.514 Thread 0x0000025f61a30e10 Thread added: 0x0000025f61a30e10
Event: 202.516 Thread 0x0000025f61a30e10 Thread exited: 0x0000025f61a30e10


Dynamic libraries:
0x00007ff76a690000 - 0x00007ff76a69a000 	F:\Program Files\JetBrains\PyCharm 2022.2\jbr\bin\java.exe
0x00007ffb0b250000 - 0x00007ffb0b467000 	C:\WINDOWS\SYSTEM32\ntdll.dll
0x00007ffb0a1c0000 - 0x00007ffb0a284000 	C:\WINDOWS\System32\KERNEL32.DLL
0x00007ffb087e0000 - 0x00007ffb08b8d000 	C:\WINDOWS\System32\KERNELBASE.dll
0x00007ffb08bc0000 - 0x00007ffb08cd1000 	C:\WINDOWS\System32\ucrtbase.dll
0x00007ffa9ff30000 - 0x00007ffa9ff47000 	F:\Program Files\JetBrains\PyCharm 2022.2\jbr\bin\jli.dll
0x00007ffaf04c0000 - 0x00007ffaf04db000 	F:\Program Files\JetBrains\PyCharm 2022.2\jbr\bin\VCRUNTIME140.dll
0x00007ffb0a4d0000 - 0x00007ffb0a67e000 	C:\WINDOWS\System32\USER32.dll
0x00007ffb08b90000 - 0x00007ffb08bb6000 	C:\WINDOWS\System32\win32u.dll
0x00007ffb07760000 - 0x00007ffb079f3000 	C:\WINDOWS\WinSxS\amd64_microsoft.windows.common-controls_6595b64144ccf1df_6.0.22621.3672_none_2713b9d173822955\COMCTL32.dll
0x00007ffb09b40000 - 0x00007ffb09b69000 	C:\WINDOWS\System32\GDI32.dll
0x00007ffb09bf0000 - 0x00007ffb09c97000 	C:\WINDOWS\System32\msvcrt.dll
0x00007ffb08650000 - 0x00007ffb08769000 	C:\WINDOWS\System32\gdi32full.dll
0x00007ffb085b0000 - 0x00007ffb0864a000 	C:\WINDOWS\System32\msvcp_win.dll
0x00007ffb097f0000 - 0x00007ffb09821000 	C:\WINDOWS\System32\IMM32.DLL
0x00007ffb02040000 - 0x00007ffb0204c000 	F:\Program Files\JetBrains\PyCharm 2022.2\jbr\bin\vcruntime140_1.dll
0x00007ffaeb130000 - 0x00007ffaeb1bd000 	F:\Program Files\JetBrains\PyCharm 2022.2\jbr\bin\msvcp140.dll
0x00007ffa3a9c0000 - 0x00007ffa3b628000 	F:\Program Files\JetBrains\PyCharm 2022.2\jbr\bin\server\jvm.dll
0x00007ffb0a400000 - 0x00007ffb0a4b2000 	C:\WINDOWS\System32\ADVAPI32.dll
0x00007ffb09f50000 - 0x00007ffb09ff9000 	C:\WINDOWS\System32\sechost.dll
0x00007ffb08580000 - 0x00007ffb085a8000 	C:\WINDOWS\System32\bcrypt.dll
0x00007ffb09e30000 - 0x00007ffb09f44000 	C:\WINDOWS\System32\RPCRT4.dll
0x00007ffb0a3f0000 - 0x00007ffb0a3f8000 	C:\WINDOWS\System32\PSAPI.DLL
0x00007ffae84b0000 - 0x00007ffae84b9000 	C:\WINDOWS\SYSTEM32\WSOCK32.dll
0x00007ffb023e0000 - 0x00007ffb02414000 	C:\WINDOWS\SYSTEM32\WINMM.dll
0x00007ffb04b50000 - 0x00007ffb04b5a000 	C:\WINDOWS\SYSTEM32\VERSION.dll
0x00007ffb09db0000 - 0x00007ffb09e21000 	C:\WINDOWS\System32\WS2_32.dll
0x00007ffb067c0000 - 0x00007ffb067d8000 	C:\WINDOWS\SYSTEM32\kernel.appcore.dll
0x00007ffad93c0000 - 0x00007ffad93ca000 	F:\Program Files\JetBrains\PyCharm 2022.2\jbr\bin\jimage.dll
0x00007ffb07df0000 - 0x00007ffb08022000 	C:\WINDOWS\SYSTEM32\DBGHELP.DLL
0x00007ffb0add0000 - 0x00007ffb0b158000 	C:\WINDOWS\System32\combase.dll
0x00007ffb098b0000 - 0x00007ffb09987000 	C:\WINDOWS\System32\OLEAUT32.dll
0x00007ffb07cd0000 - 0x00007ffb07d02000 	C:\WINDOWS\SYSTEM32\dbgcore.DLL
0x00007ffb08ce0000 - 0x00007ffb08d5b000 	C:\WINDOWS\System32\bcryptPrimitives.dll
0x00007ffa8b450000 - 0x00007ffa8b475000 	F:\Program Files\JetBrains\PyCharm 2022.2\jbr\bin\java.dll
0x00007ffa8b430000 - 0x00007ffa8b448000 	F:\Program Files\JetBrains\PyCharm 2022.2\jbr\bin\zip.dll
0x00007ffb08f90000 - 0x00007ffb097ef000 	C:\WINDOWS\System32\SHELL32.dll
0x00007ffb055a0000 - 0x00007ffb05e9c000 	C:\WINDOWS\SYSTEM32\windows.storage.dll
0x00007ffb05460000 - 0x00007ffb0559f000 	C:\WINDOWS\SYSTEM32\wintypes.dll
0x00007ffb09ca0000 - 0x00007ffb09d94000 	C:\WINDOWS\System32\SHCORE.dll
0x00007ffb09b90000 - 0x00007ffb09bee000 	C:\WINDOWS\System32\shlwapi.dll
0x00007ffb084b0000 - 0x00007ffb084d1000 	C:\WINDOWS\SYSTEM32\profapi.dll
0x00007ffa8b410000 - 0x00007ffa8b429000 	F:\Program Files\JetBrains\PyCharm 2022.2\jbr\bin\net.dll
0x00007ffb02440000 - 0x00007ffb02576000 	C:\WINDOWS\SYSTEM32\WINHTTP.dll
0x00007ffb06be0000 - 0x00007ffb06c49000 	C:\WINDOWS\system32\mswsock.dll
0x00007ffa8b3f0000 - 0x00007ffa8b406000 	F:\Program Files\JetBrains\PyCharm 2022.2\jbr\bin\nio.dll
0x00007ffaf3660000 - 0x00007ffaf3670000 	F:\Program Files\JetBrains\PyCharm 2022.2\jbr\bin\verify.dll
0x00007ffb06100000 - 0x00007ffb0612d000 	C:\WINDOWS\SYSTEM32\IPHLPAPI.DLL
0x00007ffb09da0000 - 0x00007ffb09da9000 	C:\WINDOWS\System32\NSI.dll
0x00007ffb02220000 - 0x00007ffb02239000 	C:\WINDOWS\SYSTEM32\dhcpcsvc6.DLL
0x00007ffb02140000 - 0x00007ffb0215f000 	C:\WINDOWS\SYSTEM32\dhcpcsvc.DLL
0x00007ffb06170000 - 0x00007ffb06268000 	C:\WINDOWS\SYSTEM32\DNSAPI.dll
0x00007ffb08120000 - 0x00007ffb0813b000 	C:\WINDOWS\SYSTEM32\CRYPTSP.dll
0x00007ffb06630000 - 0x00007ffb06665000 	C:\WINDOWS\system32\rsaenh.dll
0x00007ffb06ce0000 - 0x00007ffb06d08000 	C:\WINDOWS\SYSTEM32\USERENV.dll
0x00007ffb07580000 - 0x00007ffb0758c000 	C:\WINDOWS\SYSTEM32\CRYPTBASE.dll
0x00007ffaeb100000 - 0x00007ffaeb107000 	F:\Program Files\JetBrains\PyCharm 2022.2\jbr\bin\rmi.dll
0x00007ffaeafd0000 - 0x00007ffaeb0c4000 	C:\Users\DYNA\AppData\Local\Temp\sqlite-3.45.1.0-8990136b-e773-4a8f-809e-6fa2b295000b-sqlitejdbc.dll

dbghelp: loaded successfully - version: 4.0.5 - missing functions: none
symbol engine: initialized successfully - sym options: 0x614 - pdb path: .;F:\Program Files\JetBrains\PyCharm 2022.2\jbr\bin;C:\WINDOWS\SYSTEM32;C:\WINDOWS\WinSxS\amd64_microsoft.windows.common-controls_6595b64144ccf1df_6.0.22621.3672_none_2713b9d173822955;F:\Program Files\JetBrains\PyCharm 2022.2\jbr\bin\server;C:\Users\DYNA\AppData\Local\Temp

VM Arguments:
jvm_args: -Djava.rmi.server.hostname=127.0.0.1 -Duser.timezone=UTC -Xmx1024m -Xms128m -XX:+IgnoreUnrecognizedVMOptions --add-opens=jdk.unsupported/sun.misc=ALL-UNNAMED --add-opens=java.base/java.nio=ALL-UNNAMED -Dfile.encoding=UTF-8 
java_command: com.intellij.database.remote.RemoteJdbcServer org.sqlite.JDBC
java_class_path (initial): F:\Program Files\JetBrains\PyCharm 2022.2\lib\util_rt.jar;F:\Program Files\JetBrains\PyCharm 2022.2\lib\util.jar;F:\Program Files\JetBrains\PyCharm 2022.2\lib\groovy.jar;F:\Program Files\JetBrains\PyCharm 2022.2\plugins\DatabaseTools\lib\jdbc-console.jar;C:\Users\DYNA\AppData\Roaming\JetBrains\PyCharm2022.2\jdbc-drivers\Xerial SQLiteJDBC\3.45.1\org\xerial\sqlite-jdbc\3.45.1.0\sqlite-jdbc-3.45.1.0.jar;C:\Users\DYNA\AppData\Roaming\JetBrains\PyCharm2022.2\jdbc-drivers\Xerial SQLiteJDBC\3.45.1\org\slf4j\slf4j-api\1.7.36\slf4j-api-1.7.36.jar
Launcher Type: SUN_STANDARD

[Global flags]
     intx CICompilerCount                          = 4                                         {product} {ergonomic}
     uint ConcGCThreads                            = 2                                         {product} {ergonomic}
     uint G1ConcRefinementThreads                  = 8                                         {product} {ergonomic}
   size_t G1HeapRegionSize                         = 1048576                                   {product} {ergonomic}
    uintx GCDrainStackTargetSize                   = 64                                        {product} {ergonomic}
     bool IgnoreUnrecognizedVMOptions              = true                                      {product} {command line}
   size_t InitialHeapSize                          = 134217728                                 {product} {command line}
   size_t MarkStackSize                            = 4194304                                   {product} {ergonomic}
   size_t MaxHeapSize                              = 1073741824                                {product} {command line}
   size_t MaxNewSize                               = 643825664                                 {product} {ergonomic}
   size_t MinHeapDeltaBytes                        = 1048576                                   {product} {ergonomic}
   size_t MinHeapSize                              = 134217728                                 {product} {command line}
    uintx NonNMethodCodeHeapSize                   = 5839372                                {pd product} {ergonomic}
    uintx NonProfiledCodeHeapSize                  = 122909434                              {pd product} {ergonomic}
    uintx ProfiledCodeHeapSize                     = 122909434                              {pd product} {ergonomic}
    uintx ReservedCodeCacheSize                    = 251658240                              {pd product} {ergonomic}
     bool SegmentedCodeCache                       = true                                      {product} {ergonomic}
   size_t SoftMaxHeapSize                          = 1073741824                             {manageable} {ergonomic}
     bool UseCompressedClassPointers               = true                           {product lp64_product} {ergonomic}
     bool UseCompressedOops                        = true                           {product lp64_product} {ergonomic}
     bool UseG1GC                                  = true                                      {product} {ergonomic}
     bool UseLargePagesIndividualAllocation        = false                                  {pd product} {ergonomic}

Logging:
Log output configuration:
 #0: stdout all=warning uptime,level,tags
 #1: stderr all=off uptime,level,tags

Environment Variables:
JAVA_HOME=F:\Program Files\Java\jdk-11
PATH=C:\Program Files\Amazon Corretto\jdk11.0.22_7\bin;C:\Program Files\Common Files\Oracle\Java\javapath;C:\Program Files (x86)\NVIDIA Corporation\PhysX\Common;C:\Python311\Scripts\;C:\Python311\;C:\Program Files (x86)\VMware\VMware Workstation\bin\;C:\Python310\Scripts\;C:\Python310\;C:\Program Files (x86)\Common Files\Oracle\Java\javapath;C:\Program Files (x86)\Common Files\Intel\Shared Libraries\redist\intel64\compiler;C:\WINDOWS\system32;C:\WINDOWS;C:\WINDOWS\System32\Wbem;C:\WINDOWS\System32\WindowsPowerShell\v1.0\;C:\WINDOWS\System32\OpenSSH\;C:\Program Files\PuTTY\;C:\ProgramData\chocolatey\bin;C:\Program Files\dotnet\;F:\AppData\nvm;F:\Program Files\NodeJS;F:\Program Files\Java\jdk-11\bin;F:\Program Files\NodeJS\Node v16.15.1\;C:\Program Files (x86)\HP\HP OCR\DB_Lib\;C:\Program Files\HP\Common\HPDestPlgIn\;C:\Program Files (x86)\HP\Common\HPDestPlgIn\;C:\HashiCorp\Vagrant\bin;F:\Program Files\Git\cmd;C:\ProgramData\chocolatey\lib\maven\apache-maven-3.9.6\bin;C:\Program Files\Amazon\AWSCLIV2\;C:\Program Files\Microsoft VS Code\bin;C:\Program Files\Docker\Docker\resources\bin;C:\Users\DYNA\AppData\Local\Microsoft\WindowsApps;C:\Program Files\JetBrains\PyCharm Community Edition 2021.1.1\bin;C:\Program Files\JetBrains\IntelliJ IDEA 2021.1.1\bin;C:\Program Files\JetBrains\PhpStorm 2021.1.2\bin;C:\Users\DYNA\AppData\Local\Programs\Microsoft VS Code\bin;C:\Users\DYNA\AppData\Local\JetBrains\Toolbox\scripts;C:\Users\DYNA\AppData\Local\Microsoft\WindowsApps;C:\Program Files\JetBrains\IntelliJ IDEA Community Edition 2021.3.3\bin;;C:\Program Files\JetBrains\IntelliJ IDEA 2020.1\bin;;F:\Program Files\JetBrains\PyCharm 2022.2\bin;;F:\AppData\nvm;F:\Program Files\NodeJS;C:\Users\DYNA\AppData\Roaming\npm;C:\Program Files\HP\Common\HPDestPlgIn\;C:\Program Files (x86)\HP\Common\HPDestPlgIn\;C:\Users\DYNA\AppData\Local\Microsoft\WindowsApps;C:\Program Files\Oracle\VirtualBox;
USERNAME=DYNA
OS=Windows_NT
PROCESSOR_IDENTIFIER=Intel64 Family 6 Model 126 Stepping 5, GenuineIntel



---------------  S Y S T E M  ---------------

OS:
 Windows 11 , 64 bit Build 22621 (10.0.22621.3672)
OS uptime: 0 days 0:50 hours
Hyper-V role detected

CPU: total 8 (initial active 8) (4 cores per cpu, 2 threads per core) family 6 model 126 stepping 5 microcode 0xc2, cx8, cmov, fxsr, ht, mmx, 3dnowpref, sse, sse2, sse3, ssse3, sse4.1, sse4.2, popcnt, lzcnt, tsc, tscinvbit, avx, avx2, aes, erms, clmul, bmi1, bmi2, adx, avx512f, avx512dq, avx512cd, avx512bw, avx512vl, sha, fma, vzeroupper, avx512_vpopcntdq, avx512_vpclmulqdq, avx512_vaes, avx512_vnni, clflush, clflushopt, avx512_vbmi2, avx512_vbmi, hv

Memory: 4k page, system-wide physical 16151M (514M free)
TotalPageFile size 42407M (AvailPageFile size 7M)
current process WorkingSet (physical memory assigned to process): 25M, peak: 111M
current process commit charge ("private bytes"): 226M, peak: 251M

vm_info: OpenJDK 64-Bit Server VM (17.0.3+7-b469.32) for windows-amd64 JRE (17.0.3+7-b469.32), built on 2022-07-19 by "builduser" with MS VC++ 16.10 / 16.11 (VS2019)

END.
